<?xml version="1.0" encoding="UTF-8"?>
<testng-results ignored="0" total="2" passed="2" failed="0" skipped="0">
  <reporter-output>
  </reporter-output>
  <suite started-at="2024-12-01T14:02:54 IST" name="Default suite" finished-at="2024-12-01T14:03:23 IST" duration-ms="29461">
    <groups>
    </groups>
    <test started-at="2024-12-01T14:02:54 IST" name="Default test" finished-at="2024-12-01T14:03:23 IST" duration-ms="29461">
      <class name="basics.TendableTest">
        <test-method is-config="true" signature="setUp()[pri:0, instance:basics.TendableTest@78e4deb0]" started-at="2024-12-01T14:02:54 IST" name="setUp" finished-at="2024-12-01T14:03:06 IST" duration-ms="12452" status="PASS">
          <reporter-output>
          </reporter-output>
        </test-method> <!-- setUp -->
        <test-method signature="testMenuAccessibilityAndRequestDemoButton()[pri:1, instance:basics.TendableTest@78e4deb0]" started-at="2024-12-01T14:03:06 IST" name="testMenuAccessibilityAndRequestDemoButton" finished-at="2024-12-01T14:03:19 IST" duration-ms="12631" status="PASS">
          <reporter-output>
          </reporter-output>
        </test-method> <!-- testMenuAccessibilityAndRequestDemoButton -->
        <test-method signature="testContactFormSubmissionWithError()[pri:2, instance:basics.TendableTest@78e4deb0]" started-at="2024-12-01T14:03:19 IST" name="testContactFormSubmissionWithError" finished-at="2024-12-01T14:03:23 IST" duration-ms="3904" status="PASS">
          <reporter-output>
          </reporter-output>
        </test-method> <!-- testContactFormSubmissionWithError -->
        <test-method is-config="true" signature="tearDown()[pri:0, instance:basics.TendableTest@78e4deb0]" started-at="2024-12-01T14:03:23 IST" name="tearDown" finished-at="2024-12-01T14:03:23 IST" duration-ms="376" status="PASS">
          <reporter-output>
          </reporter-output>
        </test-method> <!-- tearDown -->
      </class> <!-- basics.TendableTest -->
    </test> <!-- Default test -->
  </suite> <!-- Default suite -->
</testng-results>
