<?xml version="1.0" encoding="UTF-8"?>
<testng-results ignored="0" total="2" passed="2" failed="0" skipped="0">
  <reporter-output>
  </reporter-output>
  <suite started-at="2024-12-01T13:55:50 IST" name="Default suite" finished-at="2024-12-01T13:56:12 IST" duration-ms="21626">
    <groups>
    </groups>
    <test started-at="2024-12-01T13:55:50 IST" name="Default test" finished-at="2024-12-01T13:56:12 IST" duration-ms="21626">
      <class name="basics.TendableTest">
        <test-method is-config="true" signature="setUp()[pri:0, instance:basics.TendableTest@78e4deb0]" started-at="2024-12-01T13:55:50 IST" name="setUp" finished-at="2024-12-01T13:55:58 IST" duration-ms="8101" status="PASS">
          <reporter-output>
          </reporter-output>
        </test-method> <!-- setUp -->
        <test-method signature="testMenuAccessibilityAndRequestDemoButton()[pri:1, instance:basics.TendableTest@78e4deb0]" started-at="2024-12-01T13:55:58 IST" name="testMenuAccessibilityAndRequestDemoButton" finished-at="2024-12-01T13:56:08 IST" duration-ms="9452" status="PASS">
          <reporter-output>
          </reporter-output>
        </test-method> <!-- testMenuAccessibilityAndRequestDemoButton -->
        <test-method signature="testContactFormSubmissionWithError()[pri:2, instance:basics.TendableTest@78e4deb0]" started-at="2024-12-01T13:56:08 IST" name="testContactFormSubmissionWithError" finished-at="2024-12-01T13:56:12 IST" duration-ms="3643" status="PASS">
          <reporter-output>
          </reporter-output>
        </test-method> <!-- testContactFormSubmissionWithError -->
        <test-method is-config="true" signature="tearDown()[pri:0, instance:basics.TendableTest@78e4deb0]" started-at="2024-12-01T13:56:12 IST" name="tearDown" finished-at="2024-12-01T13:56:12 IST" duration-ms="326" status="PASS">
          <reporter-output>
          </reporter-output>
        </test-method> <!-- tearDown -->
      </class> <!-- basics.TendableTest -->
    </test> <!-- Default test -->
  </suite> <!-- Default suite -->
</testng-results>
